<?xml version="1.0" encoding="utf-8"?><testsuites name="pytest tests"><testsuite name="pytest" errors="0" failures="0" skipped="0" tests="7" time="2.669" timestamp="2026-07-24T07:11:38.159744+00:00" hostname="agent-env-71dac799-b9c5-4056-808a-b0b9fec5b9ba"><testcase classname="tests.test_backend_api" name="test_root" time="0.373" /><testcase classname="tests.test_backend_api" name="test_contact_create" time="0.405" /><testcase classname="tests.test_backend_api" name="test_contact_product_source" time="0.228" /><testcase classname="tests.test_backend_api" name="test_contact_invalid_email" time="0.058" /><testcase classname="tests.test_backend_api" name="test_testimonial_create" time="0.267" /><testcase classname="tests.test_backend_api" name="test_testimonials_list_all" time="0.051" /><testcase classname="tests.test_backend_api" name="test_testimonials_list_approved_only" time="0.054" /></testsuite></testsuites>